<?xml version="1.0" encoding="UTF-8"?>
<!-- Generated by org.testng.reporters.JUnitReportReporter -->
<testsuite skipped="0" hostname="Clinical-PC" name="test.LoginTest" tests="1" failures="0" timestamp="2020-08-09T17:39:58 CDT" time="8.205" errors="0">
  <testcase name="Login" time="8.205" classname="test.LoginTest"/>
  <system-out/>
</testsuite> <!-- test.LoginTest -->
