<?xml version="1.0" encoding="UTF-8"?>
<!-- Generated by org.testng.reporters.JUnitReportReporter -->
<testsuite skipped="0" hostname="Clinical-PC" name="util.Browser" tests="1" failures="0" timestamp="2020-08-02T13:01:27 CDT" time="6.029" errors="0">
  <testcase name="launch" time="6.029" classname="util.Browser"/>
  <system-out/>
</testsuite> <!-- util.Browser -->
